#
# A fatal error has been detected by the Java Runtime Environment:
#
#  Internal Error (javaClasses.cpp:129), pid=7268, tid=9456
#  fatal error: Invalid layout of preloaded class
#
# JRE version: 7.0_25-b17
# Java VM: Java HotSpot(TM) Client VM (23.25-b01 mixed mode windows-x86 )
# Failed to write core dump. Minidumps are not enabled by default on client versions of Windows
#
# If you would like to submit a bug report, please visit:
#   http://bugreport.sun.com/bugreport/crash.jsp
#

---------------  T H R E A D  ---------------

Current thread (0x0262ac00):  JavaThread "Unknown thread" [_thread_in_vm, id=9456, stack(0x00b70000,0x00bc0000)]

Stack: [0x00b70000,0x00bc0000],  sp=0x00bbfa38,  free space=318k
Native frames: (J=compiled Java code, j=interpreted, Vv=VM code, C=native code)
V  [jvm.dll+0x167e31]
V  [jvm.dll+0x1620f6]
V  [jvm.dll+0x1f92f]
V  [jvm.dll+0x1f9b6]
V  [jvm.dll+0x2cffd]
V  [jvm.dll+0x2d2a9]
V  [jvm.dll+0x75351]
V  [jvm.dll+0x7570b]
V  [jvm.dll+0x123881]
V  [jvm.dll+0x1439cc]
V  [jvm.dll+0xa619f]
C  [javaw.exe+0x13ca]
C  [javaw.exe+0x1e3c]
C  [javaw.exe+0xa5b1]
C  [javaw.exe+0xa63b]
C  [KERNEL32.DLL+0x2850d]  BaseThreadInitThunk+0xe
C  [ntdll.dll+0x5bf39]  RtlInitializeExceptionChain+0x85
C  [ntdll.dll+0x5bf0c]  RtlInitializeExceptionChain+0x58


---------------  P R O C E S S  ---------------

Java Threads: ( => current thread )

Other Threads:

=>0x0262ac00 (exited) JavaThread "Unknown thread" [_thread_in_vm, id=9456, stack(0x00b70000,0x00bc0000)]

VM state:not at safepoint (not fully initialized)

VM Mutex/Monitor currently owned by a thread: None

GC Heap History (0 events):
No events

Deoptimization events (0 events):
No events

Internal exceptions (0 events):
No events

Events (10 events):
Event: 0.040 loading class 0x024b46b0 done
Event: 0.040 loading class 0x02495a40 done
Event: 0.040 loading class 0x02495a18
Event: 0.040 loading class 0x024b6fc8
Event: 0.040 loading class 0x024b6fc8 done
Event: 0.040 loading class 0x024b7070
Event: 0.040 loading class 0x024b7070 done
Event: 0.040 loading class 0x02501070
Event: 0.040 loading class 0x02501070 done
Event: 0.040 loading class 0x02495a18 done


Dynamic libraries:
0x00ed0000 - 0x00eff000 	C:\Program Files (x86)\Java\jre7\bin\javaw.exe
0x77930000 - 0x77a87000 	C:\windows\SYSTEM32\ntdll.dll
0x751f0000 - 0x75320000 	C:\windows\SYSTEM32\KERNEL32.DLL
0x77670000 - 0x77716000 	C:\windows\SYSTEM32\KERNELBASE.dll
0x75020000 - 0x750ce000 	C:\windows\SYSTEM32\ADVAPI32.dll
0x75fb0000 - 0x760c6000 	C:\windows\SYSTEM32\USER32.dll
0x74810000 - 0x74a08000 	C:\windows\WinSxS\x86_microsoft.windows.common-controls_6595b64144ccf1df_6.0.9200.16579_none_8937eec6860750f5\COMCTL32.dll
0x755d0000 - 0x75681000 	C:\windows\SYSTEM32\msvcrt.dll
0x75c90000 - 0x75cc4000 	C:\windows\SYSTEM32\sechost.dll
0x750d0000 - 0x7517c000 	C:\windows\SYSTEM32\RPCRT4.dll
0x75eb0000 - 0x75fad000 	C:\windows\SYSTEM32\GDI32.dll
0x74f60000 - 0x74f7c000 	C:\windows\SYSTEM32\SspiCli.dll
0x74f50000 - 0x74f59000 	C:\windows\SYSTEM32\CRYPTBASE.dll
0x74ef0000 - 0x74f41000 	C:\windows\SYSTEM32\bcryptPrimitives.dll
0x77720000 - 0x77740000 	C:\windows\system32\IMM32.DLL
0x77740000 - 0x7781d000 	C:\windows\SYSTEM32\MSCTF.dll
0x5f7e0000 - 0x5f89e000 	C:\Program Files (x86)\Java\jre7\bin\msvcr100.dll
0x625f0000 - 0x62932000 	C:\Program Files (x86)\Java\jre7\bin\client\jvm.dll
0x74b70000 - 0x74b78000 	C:\windows\SYSTEM32\WSOCK32.dll
0x74220000 - 0x74241000 	C:\windows\SYSTEM32\WINMM.dll
0x75c80000 - 0x75c86000 	C:\windows\SYSTEM32\PSAPI.DLL
0x75bb0000 - 0x75c00000 	C:\windows\SYSTEM32\WS2_32.dll
0x74020000 - 0x7404a000 	C:\windows\SYSTEM32\WINMMBASE.dll
0x751e0000 - 0x751e8000 	C:\windows\SYSTEM32\NSI.dll
0x71570000 - 0x7157c000 	C:\Program Files (x86)\Java\jre7\bin\verify.dll
0x68eb0000 - 0x68ed0000 	C:\Program Files (x86)\Java\jre7\bin\java.dll
0x67660000 - 0x67673000 	C:\Program Files (x86)\Java\jre7\bin\zip.dll
0x723f0000 - 0x72519000 	C:\windows\SYSTEM32\dbghelp.dll

VM Arguments:
jvm_args: -Dfile.encoding=Cp1252 -Xbootclasspath:C:\android\adt-bundle-windows-x86-20130729\sdk\platforms\android-18\android.jar 
java_command: com.example.myfirstapp.TestClass
Launcher Type: SUN_STANDARD

Environment Variables:
JAVA_HOME=C:\Program Files (x86)\Java\jdk1.7.0_25
PATH=C:/Program Files (x86)/Java/jre7/bin/client;C:/Program Files (x86)/Java/jre7/bin;C:/Program Files (x86)/Java/jre7/lib/i386;C:\oraclexe\app\oracle\product\11.2.0\server\bin;;C:\Program Files (x86)\NVIDIA Corporation\PhysX\Common;C:\Program Files (x86)\Intel\iCLS Client\;C:\Program Files\Intel\iCLS Client\;C:\windows\system32;C:\windows;C:\windows\System32\Wbem;C:\windows\System32\WindowsPowerShell\v1.0\;C:\Program Files\Intel\Intel(R) Management Engine Components\DAL;C:\Program Files\Intel\Intel(R) Management Engine Components\IPT;C:\Program Files (x86)\Intel\Intel(R) Management Engine Components\DAL;C:\Program Files (x86)\Intel\Intel(R) Management Engine Components\IPT;C:\Program Files (x86)\Java\jdk1.7.0_25\bin;C:\android\adt-bundle-windows-x86-20130729\eclipse;
USERNAME=malaka.sam
OS=Windows_NT
PROCESSOR_IDENTIFIER=Intel64 Family 6 Model 58 Stepping 9, GenuineIntel



---------------  S Y S T E M  ---------------

OS: Windows 8 , 64 bit Build 9200 

CPU:total 8 (4 cores per cpu, 2 threads per core) family 6 model 58 stepping 9, cmov, cx8, fxsr, mmx, sse, sse2, sse3, ssse3, sse4.1, sse4.2, popcnt, avx, ht, tsc, tscinvbit, tscinv

Memory: 4k page, physical 8334616k(4678532k free), swap 10120472k(5033036k free)

vm_info: Java HotSpot(TM) Client VM (23.25-b01) for windows-x86 JRE (1.7.0_25-b17), built on Jun 21 2013 13:06:48 by "java_re" with unknown MS VC++:1600

time: Sun Aug 25 17:06:37 2013
elapsed time: 0 seconds

